#
# There is insufficient memory for the Java Runtime Environment to continue.
# Native memory allocation (malloc) failed to allocate 1396736 bytes for card table expansion
# Possible reasons:
#   The system is out of physical RAM or swap space
#   In 32 bit mode, the process size limit was hit
# Possible solutions:
#   Reduce memory load on the system
#   Increase physical memory or swap space
#   Check if swap backing store is full
#   Use 64 bit Java on a 64 bit OS
#   Decrease Java heap size (-Xmx/-Xms)
#   Decrease number of Java threads
#   Decrease Java thread stack sizes (-Xss)
#   Set larger code cache with -XX:ReservedCodeCacheSize=
# This output file may be truncated or incomplete.
#
#  Out of Memory Error (cardTableModRefBS.cpp:290), pid=2656, tid=5756
#
# JRE version: 6.0_45-b06
# Java VM: Java HotSpot(TM) Client VM (20.45-b01 mixed mode windows-x86 )

---------------  T H R E A D  ---------------

Current thread (0x0021a400):  JavaThread "Unknown thread" [_thread_in_vm, id=5756, stack(0x00430000,0x00480000)]

Stack: [0x00430000,0x00480000],  sp=0x0047fb90,  free space=318k
Native frames: (J=compiled Java code, j=interpreted, Vv=VM code, C=native code)
V  [jvm.dll+0x13490a]
V  [jvm.dll+0x12f48c]
V  [jvm.dll+0x55e90]
V  [jvm.dll+0x567de]
V  [jvm.dll+0x620af]
V  [jvm.dll+0x589eb]
V  [jvm.dll+0x69206]
V  [jvm.dll+0x62685]
V  [jvm.dll+0x611ed]
V  [jvm.dll+0x6aee8]
V  [jvm.dll+0xfa75f]
V  [jvm.dll+0x1190eb]
V  [jvm.dll+0x9f4e0]
C  [javaw.exe+0x1657]
C  [javaw.exe+0x1e2c]
C  [javaw.exe+0x8624]
C  [kernel32.dll+0x133aa]  BaseThreadInitThunk+0x12
C  [ntdll.dll+0x39ef2]  RtlInitializeExceptionChain+0x63
C  [ntdll.dll+0x39ec5]  RtlInitializeExceptionChain+0x36


---------------  P R O C E S S  ---------------

Java Threads: ( => current thread )

Other Threads:

=>0x0021a400 (exited) JavaThread "Unknown thread" [_thread_in_vm, id=5756, stack(0x00430000,0x00480000)]

VM state:not at safepoint (not fully initialized)

VM Mutex/Monitor currently owned by a thread: None

Dynamic libraries:
0x00400000 - 0x00425000 	C:\Program Files (x86)\Java\jre6\bin\javaw.exe
0x77d00000 - 0x77e80000 	C:\Windows\SysWOW64\ntdll.dll
0x75e50000 - 0x75f60000 	C:\Windows\syswow64\kernel32.dll
0x76870000 - 0x768b7000 	C:\Windows\syswow64\KERNELBASE.dll
0x76120000 - 0x761c0000 	C:\Windows\syswow64\ADVAPI32.dll
0x76210000 - 0x762bc000 	C:\Windows\syswow64\msvcrt.dll
0x762e0000 - 0x762f9000 	C:\Windows\SysWOW64\sechost.dll
0x75940000 - 0x75a30000 	C:\Windows\syswow64\RPCRT4.dll
0x75860000 - 0x758c0000 	C:\Windows\syswow64\SspiCli.dll
0x75850000 - 0x7585c000 	C:\Windows\syswow64\CRYPTBASE.dll
0x75a40000 - 0x75b40000 	C:\Windows\syswow64\USER32.dll
0x76090000 - 0x76120000 	C:\Windows\syswow64\GDI32.dll
0x75d20000 - 0x75d2a000 	C:\Windows\syswow64\LPK.dll
0x76780000 - 0x7681d000 	C:\Windows\syswow64\USP10.dll
0x76450000 - 0x764b0000 	C:\Windows\system32\IMM32.DLL
0x766b0000 - 0x7677c000 	C:\Windows\syswow64\MSCTF.dll
0x7c340000 - 0x7c396000 	C:\Program Files (x86)\Java\jre6\bin\msvcr71.dll
0x6d810000 - 0x6dac0000 	C:\Program Files (x86)\Java\jre6\bin\client\jvm.dll
0x73550000 - 0x73582000 	C:\Windows\system32\WINMM.dll
0x73e10000 - 0x73e5c000 	C:\Windows\system32\apphelp.dll
0x6d7c0000 - 0x6d7cc000 	C:\Program Files (x86)\Java\jre6\bin\verify.dll
0x6d330000 - 0x6d34f000 	C:\Program Files (x86)\Java\jre6\bin\java.dll
0x6d800000 - 0x6d80f000 	C:\Program Files (x86)\Java\jre6\bin\zip.dll
0x75b40000 - 0x75b45000 	C:\Windows\system32\PSAPI.DLL

VM Arguments:
jvm_args: -Xms1024m -Xmx1024m -Dfile.encoding=UTF-8 
java_command: com.hbd.cmdb.search.SearchMain
Launcher Type: SUN_STANDARD

Environment Variables:
JAVA_HOME=C:\Program Files\Java\jdk1.6.0_43
CLASSPATH=C:\software\antlr\antlrworks-1.4.3.jar
PATH=C:\Program Files (x86)\Black Duck Software\protexIP\bin;C:\app\zhihuili\product\11.2.0\dbhome_2\bin;C:\app\zhihuili\product\11.2.0\dbhome_1\bin;C:\Windows\system32;C:\Windows;C:\Windows\System32\Wbem;C:\Windows\System32\WindowsPowerShell\v1.0\;C:\Program Files\WIDCOMM\Bluetooth Software\;C:\Program Files\WIDCOMM\Bluetooth Software\syswow64;C:\Program Files\TortoiseSVN\bin;C:\software\apache-maven-3.0.4\bin;C:\software\apache-ant-1.8.4\bin;C:\Program Files\Java\jdk1.6.0_43\bin;C:\Program Files\MySQL\MySQL Server 5.5\bin;C:\Program Files\Intel\WiFi\bin\;C:\Program Files\Common Files\Intel\WirelessCommon\;C:\Program Files\TortoiseGit\bin;C:\Program Files\Intel\WiFi\bin\;C:\Program Files\Common Files\Intel\WirelessCommon\
USERNAME=zhihuili
OS=Windows_NT
PROCESSOR_IDENTIFIER=Intel64 Family 6 Model 42 Stepping 7, GenuineIntel



---------------  S Y S T E M  ---------------

OS: Windows 7 , 64 bit Build 7601 Service Pack 1

CPU:total 4 (2 cores per cpu, 2 threads per core) family 6 model 42 stepping 7, cmov, cx8, fxsr, mmx, sse, sse2, sse3, ssse3, sse4.1, sse4.2, popcnt, ht

Memory: 4k page, physical 4102508k(264628k free), swap 9980192k(1295860k free)

vm_info: Java HotSpot(TM) Client VM (20.45-b01) for windows-x86 JRE (1.6.0_45-b06), built on Mar 26 2013 13:40:03 by "java_re" with MS VC++ 7.1 (VS2003)

time: Sat Jul 13 12:24:21 2013
elapsed time: 0 seconds

